CMake Warning at CMakeLists.txt:145 (add_executable):
  Cannot generate a safe runtime search path for target static_bridge because
  files in some directories may conflict with libraries in implicit
  directories:

    runtime library [liburdfdom_sensor.so.1.0] in /usr/lib/x86_64-linux-gnu may be hidden by files in:
      /opt/ros/foxy/lib/x86_64-linux-gnu
    runtime library [liburdfdom_model_state.so.1.0] in /usr/lib/x86_64-linux-gnu may be hidden by files in:
      /opt/ros/foxy/lib/x86_64-linux-gnu
    runtime library [liburdfdom_model.so.1.0] in /usr/lib/x86_64-linux-gnu may be hidden by files in:
      /opt/ros/foxy/lib/x86_64-linux-gnu
    runtime library [liburdfdom_world.so.1.0] in /usr/lib/x86_64-linux-gnu may be hidden by files in:
      /opt/ros/foxy/lib/x86_64-linux-gnu

  Some of these libraries may not be found correctly.
Call Stack (most recent call first):
  CMakeLists.txt:191 (custom_executable)


CMake Warning at CMakeLists.txt:145 (add_executable):
  Cannot generate a safe runtime search path for target static_bridge because
  there is a cycle in the constraint graph:

    dir 0 is [/opt/ros/noetic/lib]
      dir 2 must precede it due to runtime library [liburdf.so]
    dir 1 is [/home/n21/AIRAK/airak_mobility/ros2_ws/build/ros1_bridge]
    dir 2 is [/opt/ros/foxy/lib]
      dir 0 must precede it due to runtime library [libimage_transport.so]
    dir 3 is [/opt/ros/foxy/opt/yaml_cpp_vendor/lib]
    dir 4 is [/opt/ros/foxy/lib/x86_64-linux-gnu]
    dir 5 is [/opt/ros/foxy/opt/rviz_ogre_vendor/lib]

  Some of these libraries may not be found correctly.
Call Stack (most recent call first):
  CMakeLists.txt:191 (custom_executable)


CMake Warning at CMakeLists.txt:174 (add_library):
  Cannot generate a safe runtime search path for target ros1_bridge because
  files in some directories may conflict with libraries in implicit
  directories:

    runtime library [liburdfdom_sensor.so.1.0] in /usr/lib/x86_64-linux-gnu may be hidden by files in:
      /opt/ros/foxy/lib/x86_64-linux-gnu
    runtime library [liburdfdom_model_state.so.1.0] in /usr/lib/x86_64-linux-gnu may be hidden by files in:
      /opt/ros/foxy/lib/x86_64-linux-gnu
    runtime library [liburdfdom_model.so.1.0] in /usr/lib/x86_64-linux-gnu may be hidden by files in:
      /opt/ros/foxy/lib/x86_64-linux-gnu
    runtime library [liburdfdom_world.so.1.0] in /usr/lib/x86_64-linux-gnu may be hidden by files in:
      /opt/ros/foxy/lib/x86_64-linux-gnu

  Some of these libraries may not be found correctly.


CMake Warning at CMakeLists.txt:174 (add_library):
  Cannot generate a safe runtime search path for target ros1_bridge because
  there is a cycle in the constraint graph:

    dir 0 is [/opt/ros/foxy/lib]
      dir 1 must precede it due to runtime library [libimage_transport.so]
    dir 1 is [/opt/ros/noetic/lib]
      dir 0 must precede it due to runtime library [liburdf.so]
    dir 2 is [/opt/ros/foxy/opt/yaml_cpp_vendor/lib]
    dir 3 is [/opt/ros/foxy/lib/x86_64-linux-gnu]
    dir 4 is [/opt/ros/foxy/opt/rviz_ogre_vendor/lib]

  Some of these libraries may not be found correctly.


CMake Warning at CMakeLists.txt:145 (add_executable):
  Cannot generate a safe runtime search path for target parameter_bridge
  because files in some directories may conflict with libraries in implicit
  directories:

    runtime library [liburdfdom_sensor.so.1.0] in /usr/lib/x86_64-linux-gnu may be hidden by files in:
      /opt/ros/foxy/lib/x86_64-linux-gnu
    runtime library [liburdfdom_model_state.so.1.0] in /usr/lib/x86_64-linux-gnu may be hidden by files in:
      /opt/ros/foxy/lib/x86_64-linux-gnu
    runtime library [liburdfdom_model.so.1.0] in /usr/lib/x86_64-linux-gnu may be hidden by files in:
      /opt/ros/foxy/lib/x86_64-linux-gnu
    runtime library [liburdfdom_world.so.1.0] in /usr/lib/x86_64-linux-gnu may be hidden by files in:
      /opt/ros/foxy/lib/x86_64-linux-gnu

  Some of these libraries may not be found correctly.
Call Stack (most recent call first):
  CMakeLists.txt:198 (custom_executable)


CMake Warning at CMakeLists.txt:145 (add_executable):
  Cannot generate a safe runtime search path for target parameter_bridge
  because there is a cycle in the constraint graph:

    dir 0 is [/opt/ros/noetic/lib]
      dir 2 must precede it due to runtime library [liburdf.so]
    dir 1 is [/home/n21/AIRAK/airak_mobility/ros2_ws/build/ros1_bridge]
    dir 2 is [/opt/ros/foxy/lib]
      dir 0 must precede it due to runtime library [libimage_transport.so]
    dir 3 is [/opt/ros/foxy/opt/yaml_cpp_vendor/lib]
    dir 4 is [/opt/ros/foxy/lib/x86_64-linux-gnu]
    dir 5 is [/opt/ros/foxy/opt/rviz_ogre_vendor/lib]

  Some of these libraries may not be found correctly.
Call Stack (most recent call first):
  CMakeLists.txt:198 (custom_executable)


CMake Warning at CMakeLists.txt:145 (add_executable):
  Cannot generate a safe runtime search path for target dynamic_bridge
  because files in some directories may conflict with libraries in implicit
  directories:

    runtime library [liburdfdom_sensor.so.1.0] in /usr/lib/x86_64-linux-gnu may be hidden by files in:
      /opt/ros/foxy/lib/x86_64-linux-gnu
    runtime library [liburdfdom_model_state.so.1.0] in /usr/lib/x86_64-linux-gnu may be hidden by files in:
      /opt/ros/foxy/lib/x86_64-linux-gnu
    runtime library [liburdfdom_model.so.1.0] in /usr/lib/x86_64-linux-gnu may be hidden by files in:
      /opt/ros/foxy/lib/x86_64-linux-gnu
    runtime library [liburdfdom_world.so.1.0] in /usr/lib/x86_64-linux-gnu may be hidden by files in:
      /opt/ros/foxy/lib/x86_64-linux-gnu

  Some of these libraries may not be found correctly.
Call Stack (most recent call first):
  CMakeLists.txt:205 (custom_executable)


CMake Warning at CMakeLists.txt:145 (add_executable):
  Cannot generate a safe runtime search path for target dynamic_bridge
  because there is a cycle in the constraint graph:

    dir 0 is [/opt/ros/noetic/lib]
      dir 2 must precede it due to runtime library [liburdf.so]
    dir 1 is [/home/n21/AIRAK/airak_mobility/ros2_ws/build/ros1_bridge]
    dir 2 is [/opt/ros/foxy/lib]
      dir 0 must precede it due to runtime library [libimage_transport.so]
    dir 3 is [/opt/ros/foxy/opt/yaml_cpp_vendor/lib]
    dir 4 is [/opt/ros/foxy/lib/x86_64-linux-gnu]
    dir 5 is [/opt/ros/foxy/opt/rviz_ogre_vendor/lib]

  Some of these libraries may not be found correctly.
Call Stack (most recent call first):
  CMakeLists.txt:205 (custom_executable)


make[2]: *** [CMakeFiles/ros1_bridge.dir/build.make:3007: CMakeFiles/ros1_bridge.dir/generated/geometry_msgs__msg__TwistWithCovariance__factories.cpp.o] Interrupt
make[2]: *** [CMakeFiles/ros1_bridge.dir/build.make:2994: CMakeFiles/ros1_bridge.dir/generated/geometry_msgs__msg__TwistStamped__factories.cpp.o] Interrupt
make[2]: *** [CMakeFiles/ros1_bridge.dir/build.make:3020: CMakeFiles/ros1_bridge.dir/generated/geometry_msgs__msg__TwistWithCovarianceStamped__factories.cpp.o] Interrupt
make[2]: *** [CMakeFiles/ros1_bridge.dir/build.make:3033: CMakeFiles/ros1_bridge.dir/generated/geometry_msgs__msg__Vector3__factories.cpp.o] Interrupt
make[2]: *** [CMakeFiles/ros1_bridge.dir/build.make:3046: CMakeFiles/ros1_bridge.dir/generated/geometry_msgs__msg__Vector3Stamped__factories.cpp.o] Interrupt
make[1]: *** [CMakeFiles/Makefile2:260: CMakeFiles/ros1_bridge.dir/all] Interrupt
make: *** [Makefile:141: all] Interrupt
